0 verbose cli C:\Program Files\nodejs\node.exe C:\Users\kajal\AppData\Roaming\npm\node_modules\npm\bin\npm-cli.js
1 info using npm@10.8.3
2 info using node@v22.11.0
3 silly config load:file:C:\Users\kajal\AppData\Roaming\npm\node_modules\npm\npmrc
4 silly config load:file:E:\React\.npmrc
5 silly config load:file:C:\Users\kajal\.npmrc
6 silly config load:file:C:\Users\kajal\AppData\Roaming\npm\etc\npmrc
7 verbose title npm init vite
8 verbose argv "init" "vite"
9 verbose logfile logs-max:10 dir:E:\React\self project react\To-Do List App(Mern)\path\to\another\directory\.npm-cache\_logs\2025-04-27T18_32_32_659Z-
10 verbose logfile E:\React\self project react\To-Do List App(Mern)\path\to\another\directory\.npm-cache\_logs\2025-04-27T18_32_32_659Z-debug-0.log
11 silly logfile done cleaning log files
12 silly packumentCache heap:2197815296 maxSize:549453824 maxEntrySize:274726912
13 http fetch GET 200 https://registry.npmjs.org/npm 149ms
14 http fetch GET 200 https://registry.npmjs.org/create-vite 114ms (cache miss)
15 silly packumentCache heap:2197815296 maxSize:549453824 maxEntrySize:274726912
16 silly idealTree buildDeps
17 silly fetch manifest create-vite@6.4.1
18 silly packumentCache full:https://registry.npmjs.org/create-vite cache-miss
19 http fetch GET 200 https://registry.npmjs.org/create-vite 62ms (cache miss)
20 silly packumentCache full:https://registry.npmjs.org/create-vite set size:undefined disposed:false
21 silly placeDep ROOT create-vite@6.4.1 OK for:  want: 6.4.1
22 silly reify moves {}
23 silly audit bulk request { 'create-vite': [ '6.4.1' ] }
24 silly tarball no local data for create-vite@https://registry.npmjs.org/create-vite/-/create-vite-6.4.1.tgz. Extracting by manifest.
25 http fetch GET 200 https://registry.npmjs.org/create-vite/-/create-vite-6.4.1.tgz 190ms (cache miss)
26 http fetch POST 200 https://registry.npmjs.org/-/npm/v1/security/advisories/bulk 262ms
27 silly audit report {}
28 verbose cwd E:\React\self project react\To-Do List App(Mern)
29 verbose os Windows_NT 10.0.26100
30 verbose node v22.11.0
31 verbose npm  v10.8.3
32 notice
32 notice New [31mmajor[39m version of npm available! [31m10.8.3[39m -> [34m11.3.0[39m
32 notice Changelog: [34mhttps://github.com/npm/cli/releases/tag/v11.3.0[39m
32 notice To update run: [4mnpm install -g npm@11.3.0[24m
32 notice  { force: true, [Symbol(proc-log.meta)]: true }
33 verbose exit 0
34 info ok
