0 verbose cli C:\Program Files\nodejs\node.exe C:\Users\kajal\AppData\Roaming\npm\node_modules\npm\bin\npm-cli.js
1 info using npm@10.8.3
2 info using node@v22.11.0
3 silly config load:file:C:\Users\kajal\AppData\Roaming\npm\node_modules\npm\npmrc
4 silly config load:file:E:\React\.npmrc
5 silly config load:file:C:\Users\kajal\.npmrc
6 silly config load:file:C:\Users\kajal\AppData\Roaming\npm\etc\npmrc
7 verbose title npm init
8 verbose argv "init" "--yes"
9 verbose logfile logs-max:10 dir:E:\React\self project react\To-Do List App(Mern)\path\to\another\directory\.npm-cache\_logs\2025-04-27T18_39_05_014Z-
10 verbose logfile E:\React\self project react\To-Do List App(Mern)\path\to\another\directory\.npm-cache\_logs\2025-04-27T18_39_05_014Z-debug-0.log
11 silly logfile done cleaning log files
12 silly package data {
12 silly package data   name: 'to-do-list-app(mern)',
12 silly package data   version: '1.0.0',
12 silly package data   main: 'index.js',
12 silly package data   scripts: { test: 'echo "Error: no test specified" && exit 1' },
12 silly package data   keywords: [],
12 silly package data   author: '',
12 silly package data   license: 'ISC',
12 silly package data   description: ''
12 silly package data }
13 verbose cwd E:\React\self project react\To-Do List App(Mern)
14 verbose os Windows_NT 10.0.26100
15 verbose node v22.11.0
16 verbose npm  v10.8.3
17 verbose exit 0
18 info ok
